twa-build-automated/app/build/intermediates/manifest_merge_blame_file/release/processReleaseMainManifest/manifest-merger-blame-release-report.txt
1<?xml version="1.0" encoding="utf-8"?>
2<!--
3    Copyright 2019 Google Inc. All Rights Reserved.
4
5     Licensed under the Apache License, Version 2.0 (the "License");
6     you may not use this file except in compliance with the License.
7     You may obtain a copy of the License at
8
9         http://www.apache.org/licenses/LICENSE-2.0
10
11     Unless required by applicable law or agreed to in writing, software
12     distributed under the License is distributed on an "AS IS" BASIS,
13     WITHOUT WARRANTIES OR CONDITIONS OF ANY KIND, either express or implied.
14     See the License for the specific language governing permissions and
15     limitations under the License.
16-->
17<!--
18 The "package" attribute is rewritten by the Gradle build with the value of applicationId.
19     It is still required here, as it is used to derive paths, for instance when referring
20     to an Activity by ".MyActivity" instead of the full name. If more Activities are added to the
21     application, the package attribute will need to reflect the correct path in order to use
22     the abbreviated format.
23-->
24<manifest xmlns:android="http://schemas.android.com/apk/res/android"
25    package="app.netlify.crea_cuentos.twa"
26    android:versionCode="20203"
27    android:versionName="2.2.0.0" >
28
29    <uses-sdk
30        android:minSdkVersion="21"
31        android:targetSdkVersion="35" />
32
33    <uses-permission android:name="android.permission.POST_NOTIFICATIONS" />
33-->src\main\AndroidManifest.xml:26:9-80
33-->src\main\AndroidManifest.xml:26:26-78
34
35    <queries>
35-->[com.google.androidbrowserhelper:androidbrowserhelper:2.6.2] AndroidManifest.xml:22:5-30:15
36        <intent>
36-->[com.google.androidbrowserhelper:androidbrowserhelper:2.6.2] AndroidManifest.xml:23:9-29:18
37            <action android:name="android.intent.action.VIEW" />
37-->src\main\AndroidManifest.xml:160:17-68
37-->src\main\AndroidManifest.xml:160:25-66
38
39            <category android:name="android.intent.category.BROWSABLE" />
39-->src\main\AndroidManifest.xml:162:17-77
39-->src\main\AndroidManifest.xml:162:27-75
40
41            <data android:scheme="https" />
41-->src\main\AndroidManifest.xml:163:17-166:19
41-->src\main\AndroidManifest.xml:163:23-45
42        </intent>
43    </queries>
44
45    <permission
45-->[androidx.core:core:1.13.0] AndroidManifest.xml:22:5-24:47
46        android:name="app.netlify.crea_cuentos.twa.DYNAMIC_RECEIVER_NOT_EXPORTED_PERMISSION"
46-->[androidx.core:core:1.13.0] AndroidManifest.xml:23:9-81
47        android:protectionLevel="signature" />
47-->[androidx.core:core:1.13.0] AndroidManifest.xml:24:9-44
48
49    <uses-permission android:name="app.netlify.crea_cuentos.twa.DYNAMIC_RECEIVER_NOT_EXPORTED_PERMISSION" />
49-->[androidx.core:core:1.13.0] AndroidManifest.xml:26:5-97
49-->[androidx.core:core:1.13.0] AndroidManifest.xml:26:22-94
50
51    <application
51-->src\main\AndroidManifest.xml:35:5-211:19
52        android:name="app.netlify.crea_cuentos.twa.Application"
52-->src\main\AndroidManifest.xml:36:9-35
53        android:allowBackup="true"
53-->src\main\AndroidManifest.xml:37:9-35
54        android:appComponentFactory="androidx.core.app.CoreComponentFactory"
54-->[androidx.core:core:1.13.0] AndroidManifest.xml:28:18-86
55        android:extractNativeLibs="true"
56        android:icon="@mipmap/ic_launcher"
56-->src\main\AndroidManifest.xml:38:9-43
57        android:label="@string/appName"
57-->src\main\AndroidManifest.xml:39:9-40
58        android:manageSpaceActivity="com.google.androidbrowserhelper.trusted.ManageDataLauncherActivity"
58-->src\main\AndroidManifest.xml:41:9-105
59        android:supportsRtl="true"
59-->src\main\AndroidManifest.xml:43:9-35
60        android:theme="@android:style/Theme.Translucent.NoTitleBar" >
60-->src\main\AndroidManifest.xml:44:9-68
61        <meta-data
61-->src\main\AndroidManifest.xml:46:9-48:58
62            android:name="asset_statements"
62-->src\main\AndroidManifest.xml:47:13-44
63            android:resource="@string/assetStatements" />
63-->src\main\AndroidManifest.xml:48:13-55
64        <meta-data
64-->src\main\AndroidManifest.xml:51:13-53:58
65            android:name="web_manifest_url"
65-->src\main\AndroidManifest.xml:52:17-48
66            android:value="@string/webManifestUrl" />
66-->src\main\AndroidManifest.xml:53:17-55
67        <meta-data
67-->src\main\AndroidManifest.xml:56:9-58:52
68            android:name="twa_generator"
68-->src\main\AndroidManifest.xml:57:13-41
69            android:value="@string/generatorApp" />
69-->src\main\AndroidManifest.xml:58:13-49
70
71        <activity
71-->src\main\AndroidManifest.xml:65:13-76:24
72            android:name="com.google.androidbrowserhelper.trusted.ManageDataLauncherActivity"
72-->src\main\AndroidManifest.xml:65:23-104
73            android:enabled="true"
73-->src\main\AndroidManifest.xml:67:17-39
74            android:excludeFromRecents="true"
74-->src\main\AndroidManifest.xml:68:17-50
75            android:exported="false" >
75-->src\main\AndroidManifest.xml:66:17-41
76            <meta-data
76-->src\main\AndroidManifest.xml:69:17-71:57
77                android:name="android.support.customtabs.trusted.MANAGE_SPACE_URL"
77-->src\main\AndroidManifest.xml:70:21-87
78                android:value="@string/launchUrl" />
78-->src\main\AndroidManifest.xml:71:21-54
79
80            <intent-filter>
80-->src\main\AndroidManifest.xml:72:17-75:33
81                <action android:name="android.intent.action.APPLICATION_PREFERENCES" />
81-->src\main\AndroidManifest.xml:73:21-92
81-->src\main\AndroidManifest.xml:73:29-89
82
83                <category android:name="android.intent.category.DEFAULT" />
83-->src\main\AndroidManifest.xml:74:21-80
83-->src\main\AndroidManifest.xml:74:31-77
84            </intent-filter>
85        </activity>
86        <activity
86-->src\main\AndroidManifest.xml:79:9-172:20
87            android:name="app.netlify.crea_cuentos.twa.LauncherActivity"
87-->src\main\AndroidManifest.xml:79:19-50
88            android:alwaysRetainTaskState="true"
88-->src\main\AndroidManifest.xml:80:13-49
89            android:exported="true"
89-->src\main\AndroidManifest.xml:82:13-36
90            android:label="@string/launcherName" >
90-->src\main\AndroidManifest.xml:81:13-49
91            <meta-data
91-->src\main\AndroidManifest.xml:83:13-84:53
92                android:name="android.support.customtabs.trusted.DEFAULT_URL"
92-->src\main\AndroidManifest.xml:83:24-85
93                android:value="@string/launchUrl" />
93-->src\main\AndroidManifest.xml:84:17-50
94            <meta-data
94-->src\main\AndroidManifest.xml:86:13-88:58
95                android:name="android.support.customtabs.trusted.STATUS_BAR_COLOR"
95-->src\main\AndroidManifest.xml:87:17-83
96                android:resource="@color/colorPrimary" />
96-->src\main\AndroidManifest.xml:88:17-55
97            <meta-data
97-->src\main\AndroidManifest.xml:92:13-94:62
98                android:name="android.support.customtabs.trusted.STATUS_BAR_COLOR_DARK"
98-->src\main\AndroidManifest.xml:93:17-88
99                android:resource="@color/colorPrimaryDark" />
99-->src\main\AndroidManifest.xml:94:17-59
100            <meta-data
100-->src\main\AndroidManifest.xml:96:13-98:61
101                android:name="android.support.customtabs.trusted.NAVIGATION_BAR_COLOR"
101-->src\main\AndroidManifest.xml:97:17-87
102                android:resource="@color/navigationColor" />
102-->src\main\AndroidManifest.xml:98:17-58
103            <meta-data
103-->src\main\AndroidManifest.xml:100:13-102:65
104                android:name="android.support.customtabs.trusted.NAVIGATION_BAR_COLOR_DARK"
104-->src\main\AndroidManifest.xml:101:17-92
105                android:resource="@color/navigationColorDark" />
105-->src\main\AndroidManifest.xml:102:17-62
106            <meta-data
106-->src\main\AndroidManifest.xml:104:13-106:68
107                android:name="androix.browser.trusted.NAVIGATION_BAR_DIVIDER_COLOR"
107-->src\main\AndroidManifest.xml:105:17-84
108                android:resource="@color/navigationDividerColor" />
108-->src\main\AndroidManifest.xml:106:17-65
109            <meta-data
109-->src\main\AndroidManifest.xml:108:13-110:72
110                android:name="androix.browser.trusted.NAVIGATION_BAR_DIVIDER_COLOR_DARK"
110-->src\main\AndroidManifest.xml:109:17-89
111                android:resource="@color/navigationDividerColorDark" />
111-->src\main\AndroidManifest.xml:110:17-69
112            <meta-data
112-->src\main\AndroidManifest.xml:112:13-113:54
113                android:name="android.support.customtabs.trusted.SPLASH_IMAGE_DRAWABLE"
113-->src\main\AndroidManifest.xml:112:24-95
114                android:resource="@drawable/splash" />
114-->src\main\AndroidManifest.xml:113:17-52
115            <meta-data
115-->src\main\AndroidManifest.xml:115:13-116:60
116                android:name="android.support.customtabs.trusted.SPLASH_SCREEN_BACKGROUND_COLOR"
116-->src\main\AndroidManifest.xml:115:24-104
117                android:resource="@color/backgroundColor" />
117-->src\main\AndroidManifest.xml:116:17-58
118            <meta-data
118-->src\main\AndroidManifest.xml:118:13-119:71
119                android:name="android.support.customtabs.trusted.SPLASH_SCREEN_FADE_OUT_DURATION"
119-->src\main\AndroidManifest.xml:118:24-105
120                android:value="@integer/splashScreenFadeOutDuration" />
120-->src\main\AndroidManifest.xml:119:17-69
121            <meta-data
121-->src\main\AndroidManifest.xml:121:13-122:60
122                android:name="android.support.customtabs.trusted.FILE_PROVIDER_AUTHORITY"
122-->src\main\AndroidManifest.xml:121:24-97
123                android:value="@string/providerAuthority" />
123-->src\main\AndroidManifest.xml:122:17-58
124            <meta-data
124-->src\main\AndroidManifest.xml:124:13-97
125                android:name="android.app.shortcuts"
125-->src\main\AndroidManifest.xml:124:24-60
126                android:resource="@xml/shortcuts" />
126-->src\main\AndroidManifest.xml:124:61-94
127            <meta-data
127-->src\main\AndroidManifest.xml:126:13-127:56
128                android:name="android.support.customtabs.trusted.FALLBACK_STRATEGY"
128-->src\main\AndroidManifest.xml:126:24-91
129                android:value="@string/fallbackType" />
129-->src\main\AndroidManifest.xml:127:17-53
130            <meta-data
130-->src\main\AndroidManifest.xml:130:17-132:61
131                android:name="android.support.customtabs.trusted.METADATA_SHARE_TARGET"
131-->src\main\AndroidManifest.xml:131:21-92
132                android:resource="@string/shareTarget" />
132-->src\main\AndroidManifest.xml:132:21-59
133            <meta-data
133-->src\main\AndroidManifest.xml:137:13-138:54
134                android:name="android.support.customtabs.trusted.SCREEN_ORIENTATION"
134-->src\main\AndroidManifest.xml:137:24-92
135                android:value="@string/orientation" />
135-->src\main\AndroidManifest.xml:138:17-52
136
137            <intent-filter>
137-->src\main\AndroidManifest.xml:145:17-151:33
138                <action android:name="android.intent.action.SEND" />
138-->src\main\AndroidManifest.xml:147:25-77
138-->src\main\AndroidManifest.xml:147:33-74
139
140                <category android:name="android.intent.category.DEFAULT" />
140-->src\main\AndroidManifest.xml:74:21-80
140-->src\main\AndroidManifest.xml:74:31-77
141            </intent-filter>
142            <intent-filter>
142-->src\main\AndroidManifest.xml:154:13-157:29
143                <action android:name="android.intent.action.MAIN" />
143-->src\main\AndroidManifest.xml:155:17-69
143-->src\main\AndroidManifest.xml:155:25-66
144
145                <category android:name="android.intent.category.LAUNCHER" />
145-->src\main\AndroidManifest.xml:156:17-77
145-->src\main\AndroidManifest.xml:156:27-74
146            </intent-filter>
147            <intent-filter android:autoVerify="true" >
147-->src\main\AndroidManifest.xml:159:13-167:29
147-->src\main\AndroidManifest.xml:159:28-53
148                <action android:name="android.intent.action.VIEW" />
148-->src\main\AndroidManifest.xml:160:17-68
148-->src\main\AndroidManifest.xml:160:25-66
149
150                <category android:name="android.intent.category.DEFAULT" />
150-->src\main\AndroidManifest.xml:74:21-80
150-->src\main\AndroidManifest.xml:74:31-77
151                <category android:name="android.intent.category.BROWSABLE" />
151-->src\main\AndroidManifest.xml:162:17-77
151-->src\main\AndroidManifest.xml:162:27-75
152
153                <data
153-->src\main\AndroidManifest.xml:163:17-166:19
154                    android:host="@string/hostName"
154-->src\main\AndroidManifest.xml:164:21-52
155                    android:scheme="https" />
155-->src\main\AndroidManifest.xml:163:23-45
156            </intent-filter>
157        </activity>
158        <activity android:name="com.google.androidbrowserhelper.trusted.FocusActivity" />
158-->src\main\AndroidManifest.xml:174:9-90
158-->src\main\AndroidManifest.xml:174:19-87
159        <activity
159-->src\main\AndroidManifest.xml:176:9-177:62
160            android:name="com.google.androidbrowserhelper.trusted.WebViewFallbackActivity"
160-->src\main\AndroidManifest.xml:176:19-97
161            android:configChanges="orientation|screenSize" />
161-->src\main\AndroidManifest.xml:177:13-59
162
163        <provider
163-->src\main\AndroidManifest.xml:179:9-187:20
164            android:name="androidx.core.content.FileProvider"
164-->src\main\AndroidManifest.xml:180:13-62
165            android:authorities="@string/providerAuthority"
165-->src\main\AndroidManifest.xml:181:13-60
166            android:exported="false"
166-->src\main\AndroidManifest.xml:183:13-37
167            android:grantUriPermissions="true" >
167-->src\main\AndroidManifest.xml:182:13-47
168            <meta-data
168-->src\main\AndroidManifest.xml:184:13-186:53
169                android:name="android.support.FILE_PROVIDER_PATHS"
169-->src\main\AndroidManifest.xml:185:17-67
170                android:resource="@xml/filepaths" />
170-->src\main\AndroidManifest.xml:186:17-50
171        </provider>
172
173        <service
173-->src\main\AndroidManifest.xml:189:9-204:19
174            android:name="app.netlify.crea_cuentos.twa.DelegationService"
174-->src\main\AndroidManifest.xml:190:13-46
175            android:enabled="@bool/enableNotification"
175-->src\main\AndroidManifest.xml:191:13-55
176            android:exported="@bool/enableNotification" >
176-->src\main\AndroidManifest.xml:192:13-56
177            <meta-data
177-->src\main\AndroidManifest.xml:195:17-197:73
178                android:name="android.support.customtabs.trusted.SMALL_ICON"
178-->src\main\AndroidManifest.xml:196:21-81
179                android:resource="@drawable/ic_notification_icon" />
179-->src\main\AndroidManifest.xml:197:21-70
180
181            <intent-filter>
181-->src\main\AndroidManifest.xml:200:13-203:29
182                <action android:name="android.support.customtabs.trusted.TRUSTED_WEB_ACTIVITY_SERVICE" />
182-->src\main\AndroidManifest.xml:201:17-105
182-->src\main\AndroidManifest.xml:201:25-103
183
184                <category android:name="android.intent.category.DEFAULT" />
184-->src\main\AndroidManifest.xml:74:21-80
184-->src\main\AndroidManifest.xml:74:31-77
185            </intent-filter>
186        </service>
187
188        <activity android:name="com.google.androidbrowserhelper.trusted.NotificationPermissionRequestActivity" />
188-->src\main\AndroidManifest.xml:207:13-118
188-->src\main\AndroidManifest.xml:207:23-115
189
190        <provider
190-->[androidx.emoji2:emoji2:1.3.0] AndroidManifest.xml:24:9-32:20
191            android:name="androidx.startup.InitializationProvider"
191-->[androidx.emoji2:emoji2:1.3.0] AndroidManifest.xml:25:13-67
192            android:authorities="app.netlify.crea_cuentos.twa.androidx-startup"
192-->[androidx.emoji2:emoji2:1.3.0] AndroidManifest.xml:26:13-68
193            android:exported="false" >
193-->[androidx.emoji2:emoji2:1.3.0] AndroidManifest.xml:27:13-37
194            <meta-data
194-->[androidx.emoji2:emoji2:1.3.0] AndroidManifest.xml:29:13-31:52
195                android:name="androidx.emoji2.text.EmojiCompatInitializer"
195-->[androidx.emoji2:emoji2:1.3.0] AndroidManifest.xml:30:17-75
196                android:value="androidx.startup" />
196-->[androidx.emoji2:emoji2:1.3.0] AndroidManifest.xml:31:17-49
197            <meta-data
197-->[androidx.lifecycle:lifecycle-process:2.6.2] AndroidManifest.xml:29:13-31:52
198                android:name="androidx.lifecycle.ProcessLifecycleInitializer"
198-->[androidx.lifecycle:lifecycle-process:2.6.2] AndroidManifest.xml:30:17-78
199                android:value="androidx.startup" />
199-->[androidx.lifecycle:lifecycle-process:2.6.2] AndroidManifest.xml:31:17-49
200            <meta-data
200-->[androidx.profileinstaller:profileinstaller:1.3.1] AndroidManifest.xml:29:13-31:52
201                android:name="androidx.profileinstaller.ProfileInstallerInitializer"
201-->[androidx.profileinstaller:profileinstaller:1.3.1] AndroidManifest.xml:30:17-85
202                android:value="androidx.startup" />
202-->[androidx.profileinstaller:profileinstaller:1.3.1] AndroidManifest.xml:31:17-49
203        </provider>
204
205        <receiver
205-->[androidx.profileinstaller:profileinstaller:1.3.1] AndroidManifest.xml:34:9-52:20
206            android:name="androidx.profileinstaller.ProfileInstallReceiver"
206-->[androidx.profileinstaller:profileinstaller:1.3.1] AndroidManifest.xml:35:13-76
207            android:directBootAware="false"
207-->[androidx.profileinstaller:profileinstaller:1.3.1] AndroidManifest.xml:36:13-44
208            android:enabled="true"
208-->[androidx.profileinstaller:profileinstaller:1.3.1] AndroidManifest.xml:37:13-35
209            android:exported="true"
209-->[androidx.profileinstaller:profileinstaller:1.3.1] AndroidManifest.xml:38:13-36
210            android:permission="android.permission.DUMP" >
210-->[androidx.profileinstaller:profileinstaller:1.3.1] AndroidManifest.xml:39:13-57
211            <intent-filter>
211-->[androidx.profileinstaller:profileinstaller:1.3.1] AndroidManifest.xml:40:13-42:29
212                <action android:name="androidx.profileinstaller.action.INSTALL_PROFILE" />
212-->[androidx.profileinstaller:profileinstaller:1.3.1] AndroidManifest.xml:41:17-91
212-->[androidx.profileinstaller:profileinstaller:1.3.1] AndroidManifest.xml:41:25-88
213            </intent-filter>
214            <intent-filter>
214-->[androidx.profileinstaller:profileinstaller:1.3.1] AndroidManifest.xml:43:13-45:29
215                <action android:name="androidx.profileinstaller.action.SKIP_FILE" />
215-->[androidx.profileinstaller:profileinstaller:1.3.1] AndroidManifest.xml:44:17-85
215-->[androidx.profileinstaller:profileinstaller:1.3.1] AndroidManifest.xml:44:25-82
216            </intent-filter>
217            <intent-filter>
217-->[androidx.profileinstaller:profileinstaller:1.3.1] AndroidManifest.xml:46:13-48:29
218                <action android:name="androidx.profileinstaller.action.SAVE_PROFILE" />
218-->[androidx.profileinstaller:profileinstaller:1.3.1] AndroidManifest.xml:47:17-88
218-->[androidx.profileinstaller:profileinstaller:1.3.1] AndroidManifest.xml:47:25-85
219            </intent-filter>
220            <intent-filter>
220-->[androidx.profileinstaller:profileinstaller:1.3.1] AndroidManifest.xml:49:13-51:29
221                <action android:name="androidx.profileinstaller.action.BENCHMARK_OPERATION" />
221-->[androidx.profileinstaller:profileinstaller:1.3.1] AndroidManifest.xml:50:17-95
221-->[androidx.profileinstaller:profileinstaller:1.3.1] AndroidManifest.xml:50:25-92
222            </intent-filter>
223        </receiver>
224    </application>
225
226</manifest>